
**** Build of configuration Debug for project Control ****

"C:\\ti\\ccsv7\\utils\\bin\\gmake" -k -j 24 all -O 
 
'Building file: "C:/Users/ALOY0058/Desktop/SC2107_LAB/inc/Reflectance.c"'
'Invoking: MSP432 Compiler'
"C:/ti/ccsv7/tools/compiler/ti-cgt-arm_16.9.6.LTS/bin/armcl" -mv7M4 --code_state=16 --float_support=FPv4SPD16 -me --include_path="C:/ti/ccsv7/ccs_base/arm/include" --include_path="C:/ti/ccsv7/ccs_base/arm/include/CMSIS" --include_path="C:/Users/ALOY0058/Desktop/SC2107_LAB/Control" --include_path="C:/ti/ccsv7/tools/compiler/ti-cgt-arm_16.9.6.LTS/include" --advice:power=all --define=__MSP432P401R__ --define=ccs -g --gcc --diag_warning=225 --diag_wrap=off --display_error_number --abi=eabi --preproc_with_compile --preproc_dependency="Reflectance.d_raw"  "C:/Users/ALOY0058/Desktop/SC2107_LAB/inc/Reflectance.c"

>> Compilation failure
subdir_rules.mk:86: recipe for target 'Reflectance.obj' failed
"C:/Users/ALOY0058/Desktop/SC2107_LAB/inc/Reflectance.c", line 209: remark #2623-D: (ULP 5.4) Detected an assignment to a type with size less than int. To avoid unnecessary sign extension, use int-sized types for local varaibles and convert to smaller types for static storage.
"C:/Users/ALOY0058/Desktop/SC2107_LAB/inc/Reflectance.c", line 228: error #256: type name is not allowed
"C:/Users/ALOY0058/Desktop/SC2107_LAB/inc/Reflectance.c", line 228: error #66: expected a ";"
"C:/Users/ALOY0058/Desktop/SC2107_LAB/inc/Reflectance.c", line 228: error #20: identifier "i" is undefined
"C:/Users/ALOY0058/Desktop/SC2107_LAB/inc/Reflectance.c", line 231: remark #2623-D: (ULP 5.4) Detected an assignment to a type with size less than int. To avoid unnecessary sign extension, use int-sized types for local varaibles and convert to smaller types for static storage.
3 errors detected in the compilation of "C:/Users/ALOY0058/Desktop/SC2107_LAB/inc/Reflectance.c".
gmake: *** [Reflectance.obj] Error 1
'Building file: "C:/Users/ALOY0058/Desktop/SC2107_LAB/inc/Motor.c"'
'Invoking: MSP432 Compiler'
"C:/ti/ccsv7/tools/compiler/ti-cgt-arm_16.9.6.LTS/bin/armcl" -mv7M4 --code_state=16 --float_support=FPv4SPD16 -me --include_path="C:/ti/ccsv7/ccs_base/arm/include" --include_path="C:/ti/ccsv7/ccs_base/arm/include/CMSIS" --include_path="C:/Users/ALOY0058/Desktop/SC2107_LAB/Control" --include_path="C:/ti/ccsv7/tools/compiler/ti-cgt-arm_16.9.6.LTS/include" --advice:power=all --define=__MSP432P401R__ --define=ccs -g --gcc --diag_warning=225 --diag_wrap=off --display_error_number --abi=eabi --preproc_with_compile --preproc_dependency="Motor.d_raw"  "C:/Users/ALOY0058/Desktop/SC2107_LAB/inc/Motor.c"
"C:/Users/ALOY0058/Desktop/SC2107_LAB/inc/Motor.c", line 339: remark #2623-D: (ULP 5.4) Detected an assignment to a type with size less than int. To avoid unnecessary sign extension, use int-sized types for local varaibles and convert to smaller types for static storage.
"C:/Users/ALOY0058/Desktop/SC2107_LAB/inc/Motor.c", line 339: remark #2623-D: (ULP 5.4) Detected an assignment to a type with size less than int. To avoid unnecessary sign extension, use int-sized types for local varaibles and convert to smaller types for static storage.
"C:/Users/ALOY0058/Desktop/SC2107_LAB/inc/Motor.c", line 340: remark #2623-D: (ULP 5.4) Detected an assignment to a type with size less than int. To avoid unnecessary sign extension, use int-sized types for local varaibles and convert to smaller types for static storage.
"C:/Users/ALOY0058/Desktop/SC2107_LAB/inc/Motor.c", line 340: remark #2623-D: (ULP 5.4) Detected an assignment to a type with size less than int. To avoid unnecessary sign extension, use int-sized types for local varaibles and convert to smaller types for static storage.
"C:/Users/ALOY0058/Desktop/SC2107_LAB/inc/Motor.c", line 251 (col. 19): remark #1531-D: (ULP 5.2) Detected floating point operation(s). Recommend moving them to RAM during run time or not using as these are processing/power intensive
'Finished building: "C:/Users/ALOY0058/Desktop/SC2107_LAB/inc/Motor.c"'
 
gmake: Target 'all' not remade because of errors.

**** Build Finished ****
